SF:./lib/base_extension.rb
DA:3,1
DA:4,1
DA:6,1
DA:11,1
DA:14,1
DA:15,1
DA:25,1
DA:32,1
DA:33,14
DA:49,1
DA:50,1
end_of_record
SF:./lib/base_process.rb
DA:3,1
DA:5,1
DA:9,1
DA:11,1
DA:26,1
DA:27,13
DA:37,1
DA:38,1
end_of_record
SF:./lib/cli.rb
DA:3,1
DA:4,1
DA:6,1
DA:9,1
DA:12,1
DA:17,1
DA:18,5
DA:20,5
DA:21,5
DA:26,5
DA:27,1
DA:30,5
DA:31,1
DA:34,5
DA:35,1
DA:38,5
DA:39,1
DA:42,5
DA:51,1
DA:53,1
DA:59,1
DA:60,4
DA:62,4
DA:63,4
DA:67,4
DA:68,1
DA:71,4
DA:73,1
DA:76,4
DA:77,1
DA:80,4
DA:82,4
DA:90,1
DA:92,1
DA:97,1
DA:98,4
DA:100,4
DA:101,4
DA:103,4
DA:104,1
DA:107,4
DA:108,1
DA:111,4
DA:112,1
DA:115,4
DA:117,4
end_of_record
SF:./lib/config_manager.rb
DA:3,1
DA:4,1
DA:5,1
DA:14,1
DA:15,3
DA:17,2
DA:18,2
DA:30,1
DA:31,146
DA:33,127
DA:34,127
DA:36,73
DA:39,1
DA:46,1
DA:47,1
DA:53,1
DA:56,18
DA:57,5
DA:58,5
DA:61,18
DA:62,18
DA:72,1
DA:73,1
DA:74,1
DA:88,1
DA:89,78
DA:91,73
DA:92,73
DA:103,1
DA:104,17
DA:105,17
DA:113,1
DA:114,18
DA:117,1
DA:119,1
DA:120,1
DA:121,1
DA:122,1
end_of_record
SF:./lib/extension_manager.rb
DA:3,1
DA:4,1
DA:6,1
DA:10,1
DA:11,1
DA:13,1
DA:30,1
DA:32,14
DA:46,1
DA:48,7
DA:49,7
DA:52,7
DA:53,2
DA:55,5
DA:62,1
DA:63,2
DA:68,1
DA:69,17
DA:75,1
DA:76,3
DA:77,3
DA:80,1
DA:82,1
DA:83,1
DA:84,1
end_of_record
SF:./lib/extensions.d/id_checker.rb
DA:3,1
DA:4,1
DA:6,1
DA:11,1
DA:12,1
DA:13,1
DA:20,1
DA:21,3
DA:22,3
DA:23,3
DA:25,3
DA:27,3
DA:28,3
DA:30,3
DA:31,3
DA:33,3
DA:34,3
DA:35,3
DA:38,3
DA:40,48
DA:41,9
DA:46,3
DA:47,9
DA:48,9
DA:49,2
DA:50,2
DA:51,2
DA:52,2
DA:55,9
DA:58,3
DA:60,9
DA:61,9
DA:63,5
DA:68,3
DA:73,1
end_of_record
SF:./lib/extensions.d/if_checker.rb
DA:3,1
DA:4,1
DA:6,1
DA:11,1
DA:17,1
DA:18,4
DA:19,4
DA:22,4
DA:23,4
DA:25,4
DA:26,4
DA:27,4
DA:28,4
DA:30,4
DA:31,55
DA:32,9
DA:33,9
DA:34,9
DA:35,46
DA:36,9
DA:37,9
DA:38,1
DA:40,8
DA:46,13
DA:47,1
DA:48,1
DA:55,4
DA:56,1
DA:57,1
DA:62,4
DA:67,1
end_of_record
SF:./lib/extensions.d/link_checker.rb
DA:3,1
DA:4,1
DA:5,1
DA:7,1
DA:12,1
DA:13,3
DA:14,3
DA:16,1
DA:17,1
DA:19,1
DA:21,1
DA:29,1
DA:35,1
DA:36,1
DA:37,1
DA:38,1
DA:39,1
DA:40,4
DA:41,4
DA:43,3
DA:47,1
DA:50,1
DA:56,1
DA:58,4
DA:59,4
DA:61,4
DA:62,2
DA:63,2
DA:65,2
DA:68,4
DA:73,1
DA:74,4
DA:75,4
DA:76,4
DA:77,4
DA:78,4
DA:79,4
DA:80,4
DA:81,4
DA:82,2
DA:87,1
end_of_record
SF:./lib/extensions.d/pattern_blacklist.rb
DA:3,1
DA:4,1
DA:5,1
DA:7,1
DA:12,1
DA:19,1
DA:24,2
DA:25,2
DA:26,2
DA:27,2
DA:28,2
DA:29,2
DA:34,1
DA:35,1
DA:37,1
DA:38,10
DA:40,1
DA:41,4
DA:44,1
DA:45,7
DA:46,28
DA:48,4
DA:50,4
DA:56,1
DA:61,1
end_of_record
SF:./lib/log/log.rb
DA:3,1
DA:19,1
DA:20,28
DA:22,10
DA:23,10
DA:24,10
DA:26,10
DA:37,1
DA:38,11
DA:39,11
DA:46,1
DA:47,1
end_of_record
SF:./lib/post.d/compile_search_index.rb
DA:3,1
DA:4,1
DA:5,1
DA:6,1
DA:7,1
DA:8,1
DA:9,1
DA:10,1
DA:11,1
DA:12,1
DA:14,1
DA:16,1
DA:20,1
DA:21,6
DA:24,5
DA:25,5
DA:26,4
DA:28,5
DA:34,1
DA:38,1
DA:39,1
DA:40,1
DA:41,1
DA:42,1
DA:43,4
DA:44,4
DA:48,4
DA:49,4
DA:55,1
DA:56,8
DA:57,8
DA:58,2
DA:70,1
DA:71,1
DA:73,1
DA:74,1
DA:76,1
DA:79,1
DA:80,4
DA:81,4
DA:87,1
DA:89,1
DA:92,1
DA:96,1
DA:97,1
DA:99,1
DA:100,1
DA:102,1
DA:103,1
DA:105,1
DA:106,1
DA:109,1
DA:112,1
DA:119,1
DA:120,4
DA:121,4
DA:130,1
DA:131,1
DA:132,1
DA:135,1
DA:136,3
DA:137,1
DA:149,1
DA:150,2
DA:151,2
DA:153,2
DA:154,2
DA:155,2
DA:156,2
DA:158,2
DA:159,2
DA:162,2
DA:163,1
DA:165,1
DA:166,1
DA:167,1
DA:172,2
DA:186,1
DA:187,1
DA:188,1
DA:189,1
DA:190,1
DA:191,15
DA:192,1
DA:195,1
DA:196,1
DA:197,1
DA:204,1
DA:205,1
DA:206,1
DA:207,1
DA:208,1
DA:209,1
DA:211,1
DA:212,1
DA:214,3
DA:217,1
DA:219,1
DA:220,1
DA:227,1
end_of_record
SF:./lib/pre.d/combine_transpile_js.rb
DA:3,1
DA:4,1
DA:5,1
DA:6,1
DA:8,1
DA:9,1
DA:12,1
DA:13,1
DA:15,1
DA:16,2
DA:17,2
DA:18,2
DA:28,1
DA:29,1
DA:30,1
DA:31,1
DA:33,1
DA:34,1
DA:35,2
DA:37,2
DA:39,0
DA:40,0
DA:41,0
DA:42,0
DA:45,1
DA:52,1
DA:53,2
DA:54,4
DA:64,1
DA:67,2
DA:68,2
DA:70,0
DA:72,2
DA:73,2
DA:78,2
DA:80,2
DA:81,2
DA:82,4
DA:84,2
DA:87,2
DA:88,2
DA:89,6
DA:93,2
DA:94,2
DA:97,6
DA:99,2
DA:100,2
DA:108,1
DA:109,2
DA:110,2
DA:112,2
DA:114,2
DA:115,2
DA:116,2
DA:129,1
DA:130,2
DA:131,0
DA:133,4
DA:134,2
DA:135,2
DA:137,2
DA:138,6
DA:139,6
DA:140,6
DA:141,6
DA:142,4
DA:144,4
DA:146,2
DA:147,2
DA:153,1
DA:154,1
end_of_record
SF:./lib/process_manager.rb
DA:3,1
DA:4,1
DA:6,1
DA:13,1
DA:14,1
DA:22,1
DA:24,8
DA:25,8
DA:27,8
DA:28,6
DA:29,6
DA:31,2
DA:39,1
DA:40,2
DA:46,1
DA:47,0
DA:48,0
DA:53,1
DA:54,4
DA:60,1
DA:61,0
DA:64,1
DA:66,1
DA:67,2
DA:68,2
DA:69,2
DA:75,1
DA:76,1
DA:78,1
DA:79,1
DA:85,1
DA:86,1
DA:88,1
DA:89,1
end_of_record
SF:./lib/utils/adoc.rb
DA:3,1
DA:4,1
DA:5,1
DA:7,1
DA:9,1
DA:17,1
DA:18,13
DA:19,13
DA:20,13
DA:21,13
DA:22,13
DA:24,13
DA:32,13
DA:40,13
DA:42,13
DA:48,13
DA:56,1
DA:58,16
DA:59,16
DA:60,23
DA:62,16
DA:63,16
DA:65,2
DA:66,2
DA:67,3
DA:68,3
DA:78,3
DA:79,2
DA:81,3
DA:83,2
DA:91,1
DA:92,19
DA:93,19
DA:94,19
DA:95,19
DA:96,15
DA:98,19
end_of_record
SF:./lib/utils/create_toc.rb
DA:3,1
DA:4,1
DA:5,1
DA:6,1
DA:7,1
DA:8,1
DA:9,1
DA:10,1
DA:11,1
DA:13,1
DA:15,1
DA:16,1
DA:18,1
DA:19,1
DA:20,4
DA:21,4
DA:24,4
DA:38,1
DA:43,2
DA:44,2
DA:45,2
DA:46,2
DA:47,2
DA:48,2
DA:51,2
DA:52,22
DA:53,22
DA:54,16
DA:55,16
DA:56,16
DA:57,16
DA:60,16
DA:61,16
DA:62,16
DA:72,16
DA:73,6
DA:74,6
DA:76,16
DA:77,16
DA:78,16
DA:81,16
DA:83,16
DA:84,38
DA:85,38
DA:86,22
DA:87,22
DA:88,66
DA:92,16
DA:93,16
DA:94,16
DA:98,2
DA:101,2
DA:102,2
DA:103,2
DA:104,2
DA:109,2
DA:112,2
DA:116,2
DA:117,2
DA:118,2
DA:120,2
DA:128,1
DA:129,2
DA:130,2
DA:131,2
DA:132,5
DA:134,4
DA:135,4
DA:136,3
DA:137,3
DA:139,1
DA:142,2
DA:149,1
DA:150,12
DA:151,12
DA:152,16
DA:153,16
DA:154,16
DA:155,16
DA:156,16
DA:158,16
DA:162,16
DA:163,16
DA:164,16
DA:169,16
DA:170,16
DA:172,12
end_of_record
SF:./lib/utils/git.rb
DA:3,1
DA:4,1
DA:6,1
DA:11,1
DA:13,1
DA:14,3
DA:28,1
DA:29,4
DA:31,2
DA:33,1
DA:46,1
DA:47,3
DA:49,3
DA:52,3
DA:53,2
DA:54,2
DA:55,2
DA:56,2
DA:58,2
DA:65,1
DA:66,1
DA:67,1
DA:68,4
DA:70,1
DA:72,3
end_of_record
SF:./lib/utils/hash.rb
DA:4,1
DA:12,1
DA:13,1
DA:20,1
DA:21,4
DA:22,2
DA:26,1
DA:27,5
DA:31,1
DA:32,6
DA:33,70
DA:34,6
DA:39,1
DA:41,1
DA:48,1
DA:49,41
DA:51,19
DA:52,138
DA:53,72
DA:54,104
DA:57,19
end_of_record
SF:./lib/utils/paths.rb
DA:3,1
DA:6,1
DA:11,1
DA:12,11
DA:13,11
DA:14,11
DA:16,11
DA:17,22
DA:19,11
DA:26,1
DA:27,1
DA:28,1
DA:35,1
DA:36,6
DA:37,6
DA:38,6
DA:39,6
DA:46,1
DA:47,30
DA:48,30
DA:55,1
DA:56,2
DA:57,1
DA:65,1
DA:66,1
DA:67,1
end_of_record
SF:./lib/utils/string.rb
DA:7,1
DA:8,3
DA:9,5
DA:10,10
DA:11,3
DA:12,4
DA:13,3
DA:14,3
DA:15,3
DA:17,2
DA:18,2
DA:19,2
DA:20,2
DA:21,2
DA:22,2
DA:23,2
DA:24,2
DA:26,13
DA:27,2
DA:28,2
DA:29,2
DA:30,2
DA:37,1
DA:39,18
DA:41,1
DA:43,3
DA:45,8
DA:47,1
DA:49,2
DA:51,1
DA:53,1
DA:55,1
DA:57,18
end_of_record
