SF:./lib/base_extension.rb
DA:3,1
DA:4,1
DA:6,1
DA:11,1
DA:14,1
DA:15,1
DA:18,1
DA:20,1
DA:22,1
DA:31,1
DA:38,1
DA:39,14
DA:55,1
DA:56,1
end_of_record
SF:./lib/base_process.rb
DA:3,1
DA:5,1
DA:9,1
DA:11,1
DA:26,1
DA:27,11
DA:37,1
DA:38,1
end_of_record
SF:./lib/cli.rb
DA:3,1
DA:4,1
DA:6,1
DA:9,1
DA:12,1
DA:17,1
DA:18,5
DA:20,5
DA:21,5
DA:26,5
DA:27,1
DA:30,5
DA:31,1
DA:34,5
DA:35,1
DA:38,5
DA:39,1
DA:42,5
DA:51,1
DA:53,1
DA:58,1
DA:59,6
DA:61,6
DA:62,6
DA:65,6
DA:66,1
DA:69,6
DA:70,2
DA:72,6
DA:73,3
DA:76,6
DA:77,1
DA:80,6
DA:82,6
DA:83,6
DA:85,5
DA:93,1
DA:95,1
DA:100,1
DA:101,4
DA:103,4
DA:104,4
DA:106,4
DA:107,1
DA:110,4
DA:111,1
DA:114,4
DA:115,1
DA:118,4
DA:120,4
end_of_record
SF:./lib/config_manager.rb
DA:3,1
DA:4,1
DA:13,1
DA:14,3
DA:16,2
DA:17,2
DA:29,1
DA:30,82
DA:32,80
DA:33,80
DA:35,43
DA:38,1
DA:45,1
DA:46,1
DA:52,1
DA:55,10
DA:56,3
DA:59,10
DA:60,10
DA:70,1
DA:71,1
DA:72,1
DA:86,1
DA:87,42
DA:88,39
DA:90,39
DA:91,39
DA:102,1
DA:103,1
DA:104,1
DA:107,1
DA:109,1
DA:110,1
DA:111,1
DA:116,1
end_of_record
SF:./lib/extension_manager.rb
DA:3,1
DA:5,1
DA:9,1
DA:10,1
DA:12,1
DA:29,1
DA:31,14
DA:45,1
DA:46,5
DA:52,1
DA:53,1
DA:58,1
DA:59,17
DA:65,1
DA:66,2
DA:67,2
DA:70,1
DA:72,1
DA:73,1
DA:74,1
end_of_record
SF:./lib/extensions.d/id_checker.rb
DA:3,1
DA:4,1
DA:6,1
DA:11,1
DA:12,1
DA:13,1
DA:20,1
DA:21,3
DA:22,3
DA:23,3
DA:25,3
DA:27,3
DA:28,3
DA:30,3
DA:31,3
DA:33,3
DA:34,3
DA:35,3
DA:38,3
DA:40,48
DA:41,9
DA:46,3
DA:47,9
DA:48,9
DA:49,2
DA:50,2
DA:51,2
DA:52,2
DA:55,9
DA:58,3
DA:60,9
DA:61,9
DA:63,5
DA:68,3
DA:73,1
end_of_record
SF:./lib/extensions.d/if_checker.rb
DA:3,1
DA:4,1
DA:6,1
DA:11,1
DA:17,1
DA:18,4
DA:19,4
DA:22,4
DA:23,4
DA:25,4
DA:26,4
DA:27,4
DA:28,4
DA:30,4
DA:31,55
DA:32,9
DA:33,9
DA:34,9
DA:35,46
DA:36,9
DA:37,9
DA:38,1
DA:40,8
DA:46,13
DA:47,1
DA:48,1
DA:55,4
DA:56,1
DA:57,1
DA:62,4
DA:67,1
end_of_record
SF:./lib/extensions.d/link_checker.rb
DA:3,1
DA:4,1
DA:5,1
DA:7,1
DA:12,1
DA:13,3
DA:14,3
DA:16,1
DA:17,1
DA:19,1
DA:21,1
DA:29,1
DA:35,1
DA:36,1
DA:37,1
DA:38,1
DA:39,1
DA:40,4
DA:41,4
DA:43,3
DA:47,1
DA:50,1
DA:56,1
DA:58,4
DA:59,4
DA:61,4
DA:62,2
DA:63,2
DA:65,2
DA:68,4
DA:73,1
DA:74,4
DA:75,4
DA:76,4
DA:77,4
DA:78,4
DA:79,4
DA:80,4
DA:81,4
DA:82,2
DA:87,1
end_of_record
SF:./lib/extensions.d/pattern_blacklist.rb
DA:3,1
DA:4,1
DA:5,1
DA:7,1
DA:12,1
DA:19,1
DA:24,2
DA:25,2
DA:26,2
DA:27,2
DA:28,2
DA:29,2
DA:30,1
DA:35,1
DA:37,1
DA:38,10
DA:40,1
DA:41,4
DA:44,1
DA:45,7
DA:46,28
DA:48,4
DA:50,4
DA:56,1
DA:61,1
end_of_record
SF:./lib/log/log.rb
DA:3,1
DA:19,1
DA:20,50
DA:22,10
DA:23,10
DA:24,10
DA:26,10
DA:37,1
DA:38,11
DA:39,11
DA:46,1
DA:47,1
end_of_record
SF:./lib/post.d/compile_search_index.rb
DA:3,1
DA:4,1
DA:5,1
DA:6,1
DA:7,1
DA:8,1
DA:9,1
DA:10,1
DA:11,1
DA:12,1
DA:14,1
DA:17,1
DA:21,1
DA:22,1
DA:23,1
DA:24,1
DA:25,1
DA:26,2
DA:27,2
DA:28,2
DA:29,2
DA:40,1
DA:41,1
DA:42,0
DA:44,1
DA:47,1
DA:48,1
DA:49,1
DA:52,1
DA:53,1
DA:54,0
DA:55,0
DA:56,0
DA:59,1
DA:62,1
DA:63,4
DA:64,4
DA:70,1
DA:72,1
DA:75,1
DA:79,1
DA:80,1
DA:82,1
DA:83,1
DA:85,1
DA:86,1
DA:88,1
DA:89,1
DA:92,1
DA:95,1
DA:102,1
DA:103,4
DA:104,4
DA:111,1
DA:112,2
DA:113,2
DA:114,0
DA:120,1
DA:121,2
DA:122,2
DA:123,0
DA:132,1
DA:133,1
DA:134,1
DA:137,1
DA:138,3
DA:139,1
DA:151,1
DA:152,2
DA:153,2
DA:155,2
DA:156,2
DA:157,2
DA:158,2
DA:160,2
DA:161,2
DA:164,2
DA:165,1
DA:167,1
DA:168,1
DA:169,1
DA:174,2
DA:188,1
DA:189,1
DA:190,1
DA:191,1
DA:192,1
DA:193,15
DA:194,1
DA:197,1
DA:198,1
DA:199,1
DA:206,1
DA:207,1
DA:208,1
DA:209,1
DA:210,1
DA:211,1
DA:213,1
DA:214,1
DA:216,3
DA:219,1
DA:221,1
DA:222,1
DA:229,1
end_of_record
SF:./lib/pre.d/combine_transpile_js.rb
DA:3,1
DA:4,1
DA:5,1
DA:6,1
DA:8,1
DA:9,1
DA:12,1
DA:13,1
DA:15,1
DA:16,2
DA:17,2
DA:18,2
DA:28,1
DA:29,1
DA:30,1
DA:31,1
DA:33,1
DA:34,1
DA:35,2
DA:37,2
DA:39,0
DA:40,0
DA:41,0
DA:42,0
DA:45,1
DA:52,1
DA:53,2
DA:54,4
DA:64,1
DA:67,2
DA:68,2
DA:70,0
DA:72,2
DA:73,2
DA:78,2
DA:80,2
DA:81,2
DA:82,4
DA:84,2
DA:87,2
DA:88,2
DA:89,6
DA:93,2
DA:94,2
DA:97,6
DA:99,2
DA:100,2
DA:108,1
DA:109,2
DA:110,2
DA:112,2
DA:114,2
DA:115,2
DA:116,2
DA:129,1
DA:130,2
DA:131,0
DA:133,4
DA:134,2
DA:135,2
DA:137,2
DA:138,6
DA:139,6
DA:140,6
DA:141,6
DA:142,4
DA:144,4
DA:146,2
DA:147,2
DA:153,1
DA:154,1
end_of_record
SF:./lib/process_manager.rb
DA:3,1
DA:5,1
DA:12,1
DA:13,1
DA:21,1
DA:22,8
DA:23,8
DA:30,1
DA:31,2
DA:37,1
DA:38,0
DA:39,0
DA:44,1
DA:45,4
DA:51,1
DA:52,0
DA:55,1
DA:57,1
DA:58,2
DA:59,2
DA:65,1
DA:70,1
end_of_record
SF:./lib/utils/adoc.rb
DA:3,1
DA:4,1
DA:5,1
DA:7,1
DA:9,1
DA:17,1
DA:18,12
DA:19,12
DA:20,12
DA:21,12
DA:22,12
DA:24,12
DA:32,12
DA:40,12
DA:42,12
DA:48,12
DA:56,1
DA:58,15
DA:59,15
DA:60,22
DA:62,15
DA:63,15
DA:65,2
DA:66,2
DA:67,3
DA:68,3
DA:78,3
DA:79,2
DA:81,3
DA:83,2
DA:91,1
DA:92,18
DA:93,18
DA:94,18
DA:95,18
DA:96,15
DA:98,18
end_of_record
SF:./lib/utils/create_toc.rb
DA:3,1
DA:4,1
DA:5,1
DA:6,1
DA:7,1
DA:8,1
DA:9,1
DA:10,1
DA:11,1
DA:13,1
DA:14,1
DA:16,1
DA:17,1
DA:18,2
DA:19,2
DA:22,2
DA:36,1
DA:41,1
DA:42,1
DA:43,1
DA:44,1
DA:45,1
DA:46,1
DA:49,1
DA:50,11
DA:51,11
DA:52,8
DA:53,8
DA:54,8
DA:55,8
DA:58,8
DA:59,8
DA:60,8
DA:69,8
DA:70,3
DA:71,3
DA:73,8
DA:74,8
DA:75,8
DA:78,8
DA:80,8
DA:81,19
DA:82,19
DA:83,11
DA:84,11
DA:85,33
DA:89,8
DA:90,8
DA:91,8
DA:95,1
DA:98,1
DA:99,1
DA:100,1
DA:101,1
DA:106,1
DA:107,1
DA:110,1
DA:111,1
DA:112,1
DA:114,1
DA:122,1
DA:123,1
DA:124,1
DA:125,1
DA:126,3
DA:128,2
DA:129,2
DA:130,2
DA:131,2
DA:133,0
DA:136,1
DA:143,1
DA:144,6
DA:145,6
DA:146,8
DA:147,8
DA:148,8
DA:149,8
DA:150,8
DA:152,8
DA:156,8
DA:157,8
DA:158,8
DA:163,8
DA:164,8
DA:166,6
end_of_record
SF:./lib/utils/git.rb
DA:3,1
DA:4,1
DA:6,1
DA:11,1
DA:23,1
DA:24,5
DA:26,3
DA:28,1
DA:41,1
DA:42,3
DA:44,3
DA:47,3
DA:48,2
DA:49,1
DA:50,1
DA:51,1
DA:56,1
DA:63,2
DA:64,2
DA:65,2
DA:66,8
DA:68,2
DA:70,3
end_of_record
SF:./lib/utils/hash.rb
DA:4,1
DA:12,1
DA:13,1
DA:20,1
DA:21,4
DA:22,2
DA:26,1
DA:27,1
DA:31,1
DA:32,2
DA:33,10
DA:34,2
DA:39,1
DA:41,1
DA:48,1
DA:49,21
DA:51,10
DA:52,71
DA:53,36
DA:54,54
DA:57,10
end_of_record
SF:./lib/utils/paths.rb
DA:3,1
DA:5,1
DA:10,1
DA:11,10
DA:12,10
DA:14,10
DA:15,10
DA:17,10
DA:18,10
DA:25,1
DA:26,1
DA:33,1
DA:34,5
DA:35,5
DA:36,5
DA:38,5
DA:39,5
DA:46,1
DA:47,24
DA:54,1
DA:55,2
end_of_record
SF:./lib/utils/string.rb
DA:7,1
DA:8,3
DA:9,5
DA:10,10
DA:11,3
DA:12,4
DA:13,3
DA:14,3
DA:15,3
DA:17,2
DA:18,2
DA:19,2
DA:20,2
DA:21,2
DA:22,2
DA:23,2
DA:24,2
DA:26,13
DA:27,2
DA:28,2
DA:29,2
DA:30,2
DA:37,1
DA:38,18
DA:40,1
DA:42,3
DA:44,8
DA:46,1
DA:48,2
DA:50,1
DA:52,1
DA:54,1
DA:56,18
end_of_record
